[debug] [2025-05-21T10:37:46.674Z] : 
[debug] [2025-05-21T10:37:46.683Z] : ----------------------------------------------------------------------
[debug] [2025-05-21T10:37:46.684Z] : Command:      C:\Program Files\nodejs\node.exe C:\Users\CT-DELL\AppData\Roaming\npm\node_modules\zcatalyst-cli\lib\bin\catalyst.js init
[debug] [2025-05-21T10:37:46.686Z] : CLI Version:  1.17.6
[debug] [2025-05-21T10:37:46.687Z] : Platform:     win32
[debug] [2025-05-21T10:37:46.688Z] : Node Version: v22.13.1
[debug] [2025-05-21T10:37:46.689Z] : Time:         Wed May 21 2025 16:07:46 GMT+0530 (India Standard Time)
[debug] [2025-05-21T10:37:46.689Z] : ----------------------------------------------------------------------
[debug] [2025-05-21T10:37:46.689Z] : 
[debug] [2025-05-21T10:37:52.413Z] : > authorizing via signed-in user option
[debug] [2025-05-21T10:37:52.414Z] : > command requires scopes: ["ZohoCatalyst.projects.ALL","ZohoCatalyst.projects.ALL","Stratus.sdkop.CREATE","Stratus.sdkop.READ","ZohoCatalyst.project.import.CREATE"]
[info] [2025-05-21T10:37:52.564Z] : 
      ___  
      \  \     ____           _             _                 _   
   ___ \  \   / ___|   __ _  | |_    __ _  | |  _   _   ___  | |_ 
  /  / /  /  | |      / _` | | __|  / _` | | | | | | | / __| | __|
 /  / /__/   | |___  | (_| | | |_  | (_| | | | | |_| | \__ \ | |_ 
 \  \         \____|  \__,_|  \__|  \__,_| |_|  \__, | |___/  \__|
  \__\                                          |___/       

You're about to initialize a Catalyst project in this directory:

  C:\Users\CT-DELL\Documents\HTML\ELMS\New folder

[debug] [2025-05-21T10:37:52.748Z] : >>>> HTTP REQUEST : GET https://api.catalyst.zoho.in/baas/v1/orgs 

[debug] [2025-05-21T10:37:53.361Z] : <<<< HTTP RESPONSE : 500
Response Headers: {"server":"ZGS","date":"Wed, 21 May 2025 10:37:54 GMT","content-type":"application/vnd.catalyst.v2+json","transfer-encoding":"chunked","connection":"keep-alive","set-cookie":["zalb_3a750b85f1=ed010f63633be60a322039283f31a645; Path=/; Secure; HttpOnly","ZD_CSRF_TOKEN=90ad4290-3927-4ca1-8d37-4a47f29d1988;path=/;SameSite=None;Secure;priority=high","_zcsr_tmp=90ad4290-3927-4ca1-8d37-4a47f29d1988;path=/;SameSite=Strict;Secure;priority=high"],"x-content-type-options":"nosniff","cache-control":"private,no-cache,no-store,max-age=0,must-revalidate","pragma":"no-cache","expires":"Thu, 01 Jan 1970 00:00:00 GMT","x-frame-options":"DENY","strict-transport-security":"max-age=64072000; includeSubDomains; preload"}

[debug] [2025-05-21T10:37:53.371Z] : Response Body : {"status":"failure","data":{"message":"Internal server error has occurred. Please try again after some time","error_code":"INTERNAL_SERVER_ERROR"}}

[error] [2025-05-21T10:37:53.390Z] : × HTTP Error: 500, Internal server error has occurred. Please try again after some time
[debug] [2025-05-21T10:37:53.391Z] : Error Stack: CatalystError: HTTP Error: 500, Internal server error has occurred. Please try again after some time
    at exports.default (C:\Users\CT-DELL\AppData\Roaming\npm\node_modules\zcatalyst-cli\lib\errorResponse.js:25:12)
    at API._parseResponse (C:\Users\CT-DELL\AppData\Roaming\npm\node_modules\zcatalyst-cli\lib\internal\api.js:145:60)
    at API.<anonymous> (C:\Users\CT-DELL\AppData\Roaming\npm\node_modules\zcatalyst-cli\lib\internal\api.js:226:38)
    at Generator.next (<anonymous>)
    at C:\Users\CT-DELL\AppData\Roaming\npm\node_modules\zcatalyst-cli\lib\internal\api.js:31:71
    at new Promise (<anonymous>)
    at __awaiter (C:\Users\CT-DELL\AppData\Roaming\npm\node_modules\zcatalyst-cli\lib\internal\api.js:27:12)
    at Request.<anonymous> (C:\Users\CT-DELL\AppData\Roaming\npm\node_modules\zcatalyst-cli\lib\internal\api.js:224:53)
    at Request.emit (node:events:536:35)
    at Request.<anonymous> (C:\Users\CT-DELL\AppData\Roaming\npm\node_modules\zcatalyst-cli\node_modules\request\request.js:1154:10)
[debug] [2025-05-21T10:37:53.392Z] : Error Context: {
  "body": {
    "status": "failure",
    "data": {
      "message": "Internal server error has occurred. Please try again after some time",
      "error_code": "INTERNAL_SERVER_ERROR"
    }
  },
  "response": {
    "statusCode": 500,
    "body": {
      "status": "failure",
      "data": {
        "message": "Internal server error has occurred. Please try again after some time",
        "error_code": "INTERNAL_SERVER_ERROR"
      }
    },
    "headers": {
      "server": "ZGS",
      "date": "Wed, 21 May 2025 10:37:54 GMT",
      "content-type": "application/vnd.catalyst.v2+json",
      "transfer-encoding": "chunked",
      "connection": "keep-alive",
      "set-cookie": [
        "zalb_3a750b85f1=ed010f63633be60a322039283f31a645; Path=/; Secure; HttpOnly",
        "ZD_CSRF_TOKEN=90ad4290-3927-4ca1-8d37-4a47f29d1988;path=/;SameSite=None;Secure;priority=high",
        "_zcsr_tmp=90ad4290-3927-4ca1-8d37-4a47f29d1988;path=/;SameSite=Strict;Secure;priority=high"
      ],
      "x-content-type-options": "nosniff",
      "cache-control": "private,no-cache,no-store,max-age=0,must-revalidate",
      "pragma": "no-cache",
      "expires": "Thu, 01 Jan 1970 00:00:00 GMT",
      "x-frame-options": "DENY",
      "strict-transport-security": "max-age=64072000; includeSubDomains; preload"
    },
    "request": {
      "uri": {
        "protocol": "https:",
        "slashes": true,
        "auth": null,
        "host": "api.catalyst.zoho.in",
        "port": 443,
        "hostname": "api.catalyst.zoho.in",
        "hash": null,
        "search": null,
        "query": null,
        "pathname": "/baas/v1/orgs",
        "path": "/baas/v1/orgs",
        "href": "https://api.catalyst.zoho.in/baas/v1/orgs"
      },
      "method": "GET"
    }
  }
}
[debug] [2025-05-21T10:37:53.392Z] : Error Status: 500
[info] [2025-05-21T10:37:53.393Z] : Kindly contact Catalyst support [support@zohocatalyst.com] if you need any further assistance
[debug] [2025-05-21T10:37:53.395Z] : EXEC ENDED with event: Error (Unexpected), message: HTTP Error: 500, Internal server error has occurred. Please try again after some time
[debug] [2025-05-21T10:37:53.395Z] : TOTAL DURATION OF COMMAND EXEC : 1112
[debug] [2025-05-21T10:37:53.397Z] : Unable to initialise the log API
[debug] [2025-05-21T10:37:59.310Z] : 
[debug] [2025-05-21T10:37:59.318Z] : ----------------------------------------------------------------------
[debug] [2025-05-21T10:37:59.319Z] : Command:      C:\Program Files\nodejs\node.exe C:\Users\CT-DELL\AppData\Roaming\npm\node_modules\zcatalyst-cli\lib\bin\catalyst.js init
[debug] [2025-05-21T10:37:59.321Z] : CLI Version:  1.17.6
[debug] [2025-05-21T10:37:59.323Z] : Platform:     win32
[debug] [2025-05-21T10:37:59.324Z] : Node Version: v22.13.1
[debug] [2025-05-21T10:37:59.324Z] : Time:         Wed May 21 2025 16:07:59 GMT+0530 (India Standard Time)
[debug] [2025-05-21T10:37:59.325Z] : ----------------------------------------------------------------------
[debug] [2025-05-21T10:37:59.325Z] : 
[debug] [2025-05-21T10:38:05.232Z] : > authorizing via signed-in user option
[debug] [2025-05-21T10:38:05.234Z] : > command requires scopes: ["ZohoCatalyst.projects.ALL","ZohoCatalyst.projects.ALL","Stratus.sdkop.CREATE","Stratus.sdkop.READ","ZohoCatalyst.project.import.CREATE"]
[info] [2025-05-21T10:38:05.332Z] : 
      ___  
      \  \     ____           _             _                 _   
   ___ \  \   / ___|   __ _  | |_    __ _  | |  _   _   ___  | |_ 
  /  / /  /  | |      / _` | | __|  / _` | | | | | | | / __| | __|
 /  / /__/   | |___  | (_| | | |_  | (_| | | | | |_| | \__ \ | |_ 
 \  \         \____|  \__,_|  \__|  \__,_| |_|  \__, | |___/  \__|
  \__\                                          |___/       

You're about to initialize a Catalyst project in this directory:

  C:\Users\CT-DELL\Documents\HTML\ELMS\New folder

[debug] [2025-05-21T10:38:07.794Z] : >>>> HTTP REQUEST : GET https://api.catalyst.zoho.in/baas/v1/orgs 

[debug] [2025-05-21T10:38:08.359Z] : <<<< HTTP RESPONSE : 500
Response Headers: {"server":"ZGS","date":"Wed, 21 May 2025 10:38:09 GMT","content-type":"application/vnd.catalyst.v2+json","transfer-encoding":"chunked","connection":"keep-alive","set-cookie":["zalb_3a750b85f1=411f509465b028e7e235eac6930aaab2; Path=/; Secure; HttpOnly","ZD_CSRF_TOKEN=bedbb3f9-2ddc-422a-bc14-e1251394e9b4;path=/;SameSite=None;Secure;priority=high","_zcsr_tmp=bedbb3f9-2ddc-422a-bc14-e1251394e9b4;path=/;SameSite=Strict;Secure;priority=high"],"x-content-type-options":"nosniff","cache-control":"private,no-cache,no-store,max-age=0,must-revalidate","pragma":"no-cache","expires":"Thu, 01 Jan 1970 00:00:00 GMT","x-frame-options":"DENY","strict-transport-security":"max-age=64072000; includeSubDomains; preload"}

[debug] [2025-05-21T10:38:08.368Z] : Response Body : {"status":"failure","data":{"message":"Internal server error has occurred. Please try again after some time","error_code":"INTERNAL_SERVER_ERROR"}}

[error] [2025-05-21T10:38:08.387Z] : × HTTP Error: 500, Internal server error has occurred. Please try again after some time
[debug] [2025-05-21T10:38:08.388Z] : Error Stack: CatalystError: HTTP Error: 500, Internal server error has occurred. Please try again after some time
    at exports.default (C:\Users\CT-DELL\AppData\Roaming\npm\node_modules\zcatalyst-cli\lib\errorResponse.js:25:12)
    at API._parseResponse (C:\Users\CT-DELL\AppData\Roaming\npm\node_modules\zcatalyst-cli\lib\internal\api.js:145:60)
    at API.<anonymous> (C:\Users\CT-DELL\AppData\Roaming\npm\node_modules\zcatalyst-cli\lib\internal\api.js:226:38)
    at Generator.next (<anonymous>)
    at C:\Users\CT-DELL\AppData\Roaming\npm\node_modules\zcatalyst-cli\lib\internal\api.js:31:71
    at new Promise (<anonymous>)
    at __awaiter (C:\Users\CT-DELL\AppData\Roaming\npm\node_modules\zcatalyst-cli\lib\internal\api.js:27:12)
    at Request.<anonymous> (C:\Users\CT-DELL\AppData\Roaming\npm\node_modules\zcatalyst-cli\lib\internal\api.js:224:53)
    at Request.emit (node:events:536:35)
    at Request.<anonymous> (C:\Users\CT-DELL\AppData\Roaming\npm\node_modules\zcatalyst-cli\node_modules\request\request.js:1154:10)
[debug] [2025-05-21T10:38:08.389Z] : Error Context: {
  "body": {
    "status": "failure",
    "data": {
      "message": "Internal server error has occurred. Please try again after some time",
      "error_code": "INTERNAL_SERVER_ERROR"
    }
  },
  "response": {
    "statusCode": 500,
    "body": {
      "status": "failure",
      "data": {
        "message": "Internal server error has occurred. Please try again after some time",
        "error_code": "INTERNAL_SERVER_ERROR"
      }
    },
    "headers": {
      "server": "ZGS",
      "date": "Wed, 21 May 2025 10:38:09 GMT",
      "content-type": "application/vnd.catalyst.v2+json",
      "transfer-encoding": "chunked",
      "connection": "keep-alive",
      "set-cookie": [
        "zalb_3a750b85f1=411f509465b028e7e235eac6930aaab2; Path=/; Secure; HttpOnly",
        "ZD_CSRF_TOKEN=bedbb3f9-2ddc-422a-bc14-e1251394e9b4;path=/;SameSite=None;Secure;priority=high",
        "_zcsr_tmp=bedbb3f9-2ddc-422a-bc14-e1251394e9b4;path=/;SameSite=Strict;Secure;priority=high"
      ],
      "x-content-type-options": "nosniff",
      "cache-control": "private,no-cache,no-store,max-age=0,must-revalidate",
      "pragma": "no-cache",
      "expires": "Thu, 01 Jan 1970 00:00:00 GMT",
      "x-frame-options": "DENY",
      "strict-transport-security": "max-age=64072000; includeSubDomains; preload"
    },
    "request": {
      "uri": {
        "protocol": "https:",
        "slashes": true,
        "auth": null,
        "host": "api.catalyst.zoho.in",
        "port": 443,
        "hostname": "api.catalyst.zoho.in",
        "hash": null,
        "search": null,
        "query": null,
        "pathname": "/baas/v1/orgs",
        "path": "/baas/v1/orgs",
        "href": "https://api.catalyst.zoho.in/baas/v1/orgs"
      },
      "method": "GET"
    }
  }
}
[debug] [2025-05-21T10:38:08.389Z] : Error Status: 500
[info] [2025-05-21T10:38:08.390Z] : Kindly contact Catalyst support [support@zohocatalyst.com] if you need any further assistance
[debug] [2025-05-21T10:38:08.391Z] : EXEC ENDED with event: Error (Unexpected), message: HTTP Error: 500, Internal server error has occurred. Please try again after some time
[debug] [2025-05-21T10:38:08.392Z] : TOTAL DURATION OF COMMAND EXEC : 3239
[debug] [2025-05-21T10:38:08.394Z] : Unable to initialise the log API
